<?xml version="1.0" encoding="UTF-8"?>
<coverage generated="1445004485">
  <project timestamp="1445004485">
    <package name="Sync\Entities">
      <file name="/Users/stanislavmenshykh/Sync/src/Sync/Aware/EntityAbstract.php">
        <class name="EntityAbstract" namespace="Sync\Entities" fullPackage="Sync.Sync" package="Sync" subpackage="Sync">
          <metrics methods="5" coveredmethods="0" conditionals="0" coveredconditionals="0" statements="17" coveredstatements="0" elements="22" coveredelements="0"/>
        </class>
        <line num="52" type="method" name="__construct" crap="6" count="0"/>
        <line num="54" type="stmt" count="0"/>
        <line num="56" type="stmt" count="0"/>
        <line num="57" type="stmt" count="0"/>
        <line num="58" type="stmt" count="0"/>
        <line num="65" type="method" name="getQueryBuilder" crap="2" count="0"/>
        <line num="67" type="stmt" count="0"/>
        <line num="76" type="method" name="setQueryBuilder" crap="2" count="0"/>
        <line num="78" type="stmt" count="0"/>
        <line num="80" type="stmt" count="0"/>
        <line num="89" type="method" name="useBack" crap="6" count="0"/>
        <line num="91" type="stmt" count="0"/>
        <line num="93" type="stmt" count="0"/>
        <line num="94" type="stmt" count="0"/>
        <line num="96" type="stmt" count="0"/>
        <line num="98" type="stmt" count="0"/>
        <line num="105" type="method" name="useFront" crap="6" count="0"/>
        <line num="107" type="stmt" count="0"/>
        <line num="109" type="stmt" count="0"/>
        <line num="110" type="stmt" count="0"/>
        <line num="112" type="stmt" count="0"/>
        <line num="114" type="stmt" count="0"/>
        <metrics loc="142" ncloc="64" classes="1" methods="5" coveredmethods="0" conditionals="0" coveredconditionals="0" statements="17" coveredstatements="0" elements="22" coveredelements="0"/>
      </file>
      <file name="/Users/stanislavmenshykh/Sync/src/Sync/Entities/Banner.php">
        <class name="Banner" namespace="Sync\Entities" fullPackage="Sync.Sync" package="Sync" subpackage="Sync">
          <metrics methods="4" coveredmethods="0" conditionals="0" coveredconditionals="0" statements="4" coveredstatements="0" elements="8" coveredelements="0"/>
        </class>
        <line num="21" type="method" name="init" crap="2" count="0"/>
        <line num="24" type="stmt" count="0"/>
        <line num="31" type="method" name="load" crap="2" count="0"/>
        <line num="34" type="stmt" count="0"/>
        <line num="41" type="method" name="prepare" crap="2" count="0"/>
        <line num="44" type="stmt" count="0"/>
        <line num="51" type="method" name="unload" crap="2" count="0"/>
        <line num="54" type="stmt" count="0"/>
        <metrics loc="54" ncloc="16" classes="1" methods="4" coveredmethods="0" conditionals="0" coveredconditionals="0" statements="4" coveredstatements="0" elements="8" coveredelements="0"/>
      </file>
      <file name="/Users/stanislavmenshykh/Sync/src/Sync/Entities/Brand.php">
        <class name="Brand" namespace="Sync\Entities" fullPackage="Sync.Sync" package="Sync" subpackage="Sync">
          <metrics methods="4" coveredmethods="0" conditionals="0" coveredconditionals="0" statements="4" coveredstatements="0" elements="8" coveredelements="0"/>
        </class>
        <line num="21" type="method" name="init" crap="2" count="0"/>
        <line num="24" type="stmt" count="0"/>
        <line num="31" type="method" name="load" crap="2" count="0"/>
        <line num="34" type="stmt" count="0"/>
        <line num="41" type="method" name="prepare" crap="2" count="0"/>
        <line num="44" type="stmt" count="0"/>
        <line num="51" type="method" name="unload" crap="2" count="0"/>
        <line num="54" type="stmt" count="0"/>
        <metrics loc="54" ncloc="16" classes="1" methods="4" coveredmethods="0" conditionals="0" coveredconditionals="0" statements="4" coveredstatements="0" elements="8" coveredelements="0"/>
      </file>
      <file name="/Users/stanislavmenshykh/Sync/src/Sync/Entities/Category.php">
        <class name="Category" namespace="Sync\Entities" fullPackage="Sync.Sync" package="Sync" subpackage="Sync">
          <metrics methods="4" coveredmethods="0" conditionals="0" coveredconditionals="0" statements="4" coveredstatements="0" elements="8" coveredelements="0"/>
        </class>
        <line num="21" type="method" name="init" crap="2" count="0"/>
        <line num="24" type="stmt" count="0"/>
        <line num="31" type="method" name="load" crap="2" count="0"/>
        <line num="34" type="stmt" count="0"/>
        <line num="41" type="method" name="prepare" crap="2" count="0"/>
        <line num="44" type="stmt" count="0"/>
        <line num="51" type="method" name="unload" crap="2" count="0"/>
        <line num="54" type="stmt" count="0"/>
        <metrics loc="54" ncloc="16" classes="1" methods="4" coveredmethods="0" conditionals="0" coveredconditionals="0" statements="4" coveredstatements="0" elements="8" coveredelements="0"/>
      </file>
      <file name="/Users/stanislavmenshykh/Sync/src/Sync/Entities/Delivery.php">
        <class name="Delivery" namespace="Sync\Entities" fullPackage="Sync.Sync" package="Sync" subpackage="Sync">
          <metrics methods="4" coveredmethods="0" conditionals="0" coveredconditionals="0" statements="4" coveredstatements="0" elements="8" coveredelements="0"/>
        </class>
        <line num="21" type="method" name="init" crap="2" count="0"/>
        <line num="24" type="stmt" count="0"/>
        <line num="31" type="method" name="load" crap="2" count="0"/>
        <line num="34" type="stmt" count="0"/>
        <line num="41" type="method" name="prepare" crap="2" count="0"/>
        <line num="44" type="stmt" count="0"/>
        <line num="51" type="method" name="unload" crap="2" count="0"/>
        <line num="54" type="stmt" count="0"/>
        <metrics loc="54" ncloc="16" classes="1" methods="4" coveredmethods="0" conditionals="0" coveredconditionals="0" statements="4" coveredstatements="0" elements="8" coveredelements="0"/>
      </file>
      <file name="/Users/stanislavmenshykh/Sync/src/Sync/Entities/Document.php">
        <class name="Document" namespace="Sync\Entities" fullPackage="Sync.Sync" package="Sync" subpackage="Sync">
          <metrics methods="4" coveredmethods="0" conditionals="0" coveredconditionals="0" statements="4" coveredstatements="0" elements="8" coveredelements="0"/>
        </class>
        <line num="21" type="method" name="init" crap="2" count="0"/>
        <line num="24" type="stmt" count="0"/>
        <line num="31" type="method" name="load" crap="2" count="0"/>
        <line num="34" type="stmt" count="0"/>
        <line num="41" type="method" name="prepare" crap="2" count="0"/>
        <line num="44" type="stmt" count="0"/>
        <line num="51" type="method" name="unload" crap="2" count="0"/>
        <line num="54" type="stmt" count="0"/>
        <metrics loc="54" ncloc="16" classes="1" methods="4" coveredmethods="0" conditionals="0" coveredconditionals="0" statements="4" coveredstatements="0" elements="8" coveredelements="0"/>
      </file>
      <file name="/Users/stanislavmenshykh/Sync/src/Sync/Entities/Payment.php">
        <class name="Payment" namespace="Sync\Entities" fullPackage="Sync.Sync" package="Sync" subpackage="Sync">
          <metrics methods="4" coveredmethods="0" conditionals="0" coveredconditionals="0" statements="4" coveredstatements="0" elements="8" coveredelements="0"/>
        </class>
        <line num="21" type="method" name="init" crap="2" count="0"/>
        <line num="24" type="stmt" count="0"/>
        <line num="31" type="method" name="load" crap="2" count="0"/>
        <line num="34" type="stmt" count="0"/>
        <line num="41" type="method" name="prepare" crap="2" count="0"/>
        <line num="44" type="stmt" count="0"/>
        <line num="51" type="method" name="unload" crap="2" count="0"/>
        <line num="54" type="stmt" count="0"/>
        <metrics loc="54" ncloc="16" classes="1" methods="4" coveredmethods="0" conditionals="0" coveredconditionals="0" statements="4" coveredstatements="0" elements="8" coveredelements="0"/>
      </file>
      <file name="/Users/stanislavmenshykh/Sync/src/Sync/Entities/Price.php">
        <class name="Price" namespace="Sync\Entities" fullPackage="Sync.Sync" package="Sync" subpackage="Sync">
          <metrics methods="4" coveredmethods="0" conditionals="0" coveredconditionals="0" statements="4" coveredstatements="0" elements="8" coveredelements="0"/>
        </class>
        <line num="21" type="method" name="init" crap="2" count="0"/>
        <line num="24" type="stmt" count="0"/>
        <line num="31" type="method" name="load" crap="2" count="0"/>
        <line num="34" type="stmt" count="0"/>
        <line num="41" type="method" name="prepare" crap="2" count="0"/>
        <line num="44" type="stmt" count="0"/>
        <line num="51" type="method" name="unload" crap="2" count="0"/>
        <line num="54" type="stmt" count="0"/>
        <metrics loc="54" ncloc="16" classes="1" methods="4" coveredmethods="0" conditionals="0" coveredconditionals="0" statements="4" coveredstatements="0" elements="8" coveredelements="0"/>
      </file>
      <file name="/Users/stanislavmenshykh/Sync/src/Sync/Entities/Product.php">
        <class name="Product" namespace="Sync\Entities" fullPackage="Sync.Sync" package="Sync" subpackage="Sync">
          <metrics methods="4" coveredmethods="0" conditionals="0" coveredconditionals="0" statements="5" coveredstatements="0" elements="9" coveredelements="0"/>
        </class>
        <line num="21" type="method" name="init" crap="2" count="0"/>
        <line num="23" type="stmt" count="0"/>
        <line num="25" type="stmt" count="0"/>
        <line num="32" type="method" name="load" crap="2" count="0"/>
        <line num="35" type="stmt" count="0"/>
        <line num="42" type="method" name="prepare" crap="2" count="0"/>
        <line num="45" type="stmt" count="0"/>
        <line num="52" type="method" name="unload" crap="2" count="0"/>
        <line num="55" type="stmt" count="0"/>
        <metrics loc="55" ncloc="19" classes="1" methods="4" coveredmethods="0" conditionals="0" coveredconditionals="0" statements="5" coveredstatements="0" elements="9" coveredelements="0"/>
      </file>
      <file name="/Users/stanislavmenshykh/Sync/src/Sync/Entities/Region.php">
        <class name="Region" namespace="Sync\Entities" fullPackage="Sync.Sync" package="Sync" subpackage="Sync">
          <metrics methods="4" coveredmethods="0" conditionals="0" coveredconditionals="0" statements="4" coveredstatements="0" elements="8" coveredelements="0"/>
        </class>
        <line num="21" type="method" name="init" crap="2" count="0"/>
        <line num="24" type="stmt" count="0"/>
        <line num="31" type="method" name="load" crap="2" count="0"/>
        <line num="34" type="stmt" count="0"/>
        <line num="41" type="method" name="prepare" crap="2" count="0"/>
        <line num="44" type="stmt" count="0"/>
        <line num="51" type="method" name="unload" crap="2" count="0"/>
        <line num="54" type="stmt" count="0"/>
        <metrics loc="54" ncloc="16" classes="1" methods="4" coveredmethods="0" conditionals="0" coveredconditionals="0" statements="4" coveredstatements="0" elements="8" coveredelements="0"/>
      </file>
      <file name="/Users/stanislavmenshykh/Sync/src/Sync/Entities/Shop.php">
        <class name="Shop" namespace="Sync\Entities" fullPackage="Sync.Sync" package="Sync" subpackage="Sync">
          <metrics methods="4" coveredmethods="0" conditionals="0" coveredconditionals="0" statements="4" coveredstatements="0" elements="8" coveredelements="0"/>
        </class>
        <line num="21" type="method" name="init" crap="2" count="0"/>
        <line num="24" type="stmt" count="0"/>
        <line num="31" type="method" name="load" crap="2" count="0"/>
        <line num="34" type="stmt" count="0"/>
        <line num="41" type="method" name="prepare" crap="2" count="0"/>
        <line num="44" type="stmt" count="0"/>
        <line num="51" type="method" name="unload" crap="2" count="0"/>
        <line num="54" type="stmt" count="0"/>
        <metrics loc="54" ncloc="16" classes="1" methods="4" coveredmethods="0" conditionals="0" coveredconditionals="0" statements="4" coveredstatements="0" elements="8" coveredelements="0"/>
      </file>
      <file name="/Users/stanislavmenshykh/Sync/src/Sync/Entities/Tag.php">
        <class name="Tag" namespace="Sync\Entities" fullPackage="Sync.Sync" package="Sync" subpackage="Sync">
          <metrics methods="4" coveredmethods="0" conditionals="0" coveredconditionals="0" statements="4" coveredstatements="0" elements="8" coveredelements="0"/>
        </class>
        <line num="21" type="method" name="init" crap="2" count="0"/>
        <line num="24" type="stmt" count="0"/>
        <line num="31" type="method" name="load" crap="2" count="0"/>
        <line num="34" type="stmt" count="0"/>
        <line num="41" type="method" name="prepare" crap="2" count="0"/>
        <line num="44" type="stmt" count="0"/>
        <line num="51" type="method" name="unload" crap="2" count="0"/>
        <line num="54" type="stmt" count="0"/>
        <metrics loc="54" ncloc="16" classes="1" methods="4" coveredmethods="0" conditionals="0" coveredconditionals="0" statements="4" coveredstatements="0" elements="8" coveredelements="0"/>
      </file>
    </package>
    <package name="Sync\Development">
      <file name="/Users/stanislavmenshykh/Sync/src/Sync/Development/Color.php">
        <class name="Color" namespace="Sync\Development" fullPackage="Sync.Sync" package="Sync" subpackage="Sync">
          <metrics methods="2" coveredmethods="0" conditionals="0" coveredconditionals="0" statements="34" coveredstatements="0" elements="36" coveredelements="0"/>
        </class>
        <line num="33" type="method" name="__construct" crap="2" count="0"/>
        <line num="35" type="stmt" count="0"/>
        <line num="36" type="stmt" count="0"/>
        <line num="37" type="stmt" count="0"/>
        <line num="38" type="stmt" count="0"/>
        <line num="39" type="stmt" count="0"/>
        <line num="40" type="stmt" count="0"/>
        <line num="41" type="stmt" count="0"/>
        <line num="42" type="stmt" count="0"/>
        <line num="43" type="stmt" count="0"/>
        <line num="44" type="stmt" count="0"/>
        <line num="45" type="stmt" count="0"/>
        <line num="46" type="stmt" count="0"/>
        <line num="47" type="stmt" count="0"/>
        <line num="48" type="stmt" count="0"/>
        <line num="49" type="stmt" count="0"/>
        <line num="50" type="stmt" count="0"/>
        <line num="52" type="stmt" count="0"/>
        <line num="53" type="stmt" count="0"/>
        <line num="54" type="stmt" count="0"/>
        <line num="55" type="stmt" count="0"/>
        <line num="56" type="stmt" count="0"/>
        <line num="57" type="stmt" count="0"/>
        <line num="58" type="stmt" count="0"/>
        <line num="59" type="stmt" count="0"/>
        <line num="60" type="stmt" count="0"/>
        <line num="71" type="method" name="getColoredString" crap="12" count="0"/>
        <line num="73" type="stmt" count="0"/>
        <line num="76" type="stmt" count="0"/>
        <line num="77" type="stmt" count="0"/>
        <line num="78" type="stmt" count="0"/>
        <line num="80" type="stmt" count="0"/>
        <line num="81" type="stmt" count="0"/>
        <line num="82" type="stmt" count="0"/>
        <line num="85" type="stmt" count="0"/>
        <line num="87" type="stmt" count="0"/>
        <metrics loc="88" ncloc="50" classes="1" methods="2" coveredmethods="0" conditionals="0" coveredconditionals="0" statements="34" coveredstatements="0" elements="36" coveredelements="0"/>
      </file>
      <file name="/Users/stanislavmenshykh/Sync/src/Sync/Development/Debugger.php">
        <class name="Debugger" namespace="Sync\Development" fullPackage="Sync.Sync" package="Sync" subpackage="Sync">
          <metrics methods="3" coveredmethods="0" conditionals="0" coveredconditionals="0" statements="21" coveredstatements="0" elements="24" coveredelements="0"/>
        </class>
        <line num="26" type="method" name="__construct" crap="20" count="0"/>
        <line num="28" type="stmt" count="0"/>
        <line num="29" type="stmt" count="0"/>
        <line num="30" type="stmt" count="0"/>
        <line num="32" type="stmt" count="0"/>
        <line num="33" type="stmt" count="0"/>
        <line num="34" type="stmt" count="0"/>
        <line num="35" type="stmt" count="0"/>
        <line num="36" type="stmt" count="0"/>
        <line num="38" type="stmt" count="0"/>
        <line num="39" type="stmt" count="0"/>
        <line num="40" type="stmt" count="0"/>
        <line num="41" type="stmt" count="0"/>
        <line num="43" type="stmt" count="0"/>
        <line num="44" type="stmt" count="0"/>
        <line num="45" type="stmt" count="0"/>
        <line num="46" type="stmt" count="0"/>
        <line num="47" type="stmt" count="0"/>
        <line num="52" type="method" name="startTime" crap="2" count="0"/>
        <line num="53" type="stmt" count="0"/>
        <line num="54" type="stmt" count="0"/>
        <line num="59" type="method" name="getElapsedTime" crap="2" count="0"/>
        <line num="60" type="stmt" count="0"/>
        <line num="61" type="stmt" count="0"/>
        <metrics loc="61" ncloc="37" classes="1" methods="3" coveredmethods="0" conditionals="0" coveredconditionals="0" statements="21" coveredstatements="0" elements="24" coveredelements="0"/>
      </file>
      <file name="/Users/stanislavmenshykh/Sync/src/Sync/Development/Message.php">
        <class name="Message" namespace="Sync\Development" fullPackage="Sync.Sync" package="Sync" subpackage="Sync">
          <metrics methods="3" coveredmethods="0" conditionals="0" coveredconditionals="0" statements="3" coveredstatements="0" elements="6" coveredelements="0"/>
        </class>
        <line num="26" type="method" name="error" crap="2" count="0"/>
        <line num="27" type="stmt" count="0"/>
        <line num="36" type="method" name="success" crap="2" count="0"/>
        <line num="37" type="stmt" count="0"/>
        <line num="47" type="method" name="debug" crap="2" count="0"/>
        <line num="48" type="stmt" count="0"/>
        <metrics loc="49" ncloc="20" classes="1" methods="3" coveredmethods="0" conditionals="0" coveredconditionals="0" statements="3" coveredstatements="0" elements="6" coveredelements="0"/>
      </file>
    </package>
    <package name="Sync\Resolvers">
      <file name="/Users/stanislavmenshykh/Sync/src/Sync/Resolvers/Config.php">
        <class name="Config" namespace="Sync\Resolvers" fullPackage="Sync.Sync" package="Sync" subpackage="Sync">
          <metrics methods="2" coveredmethods="0" conditionals="0" coveredconditionals="0" statements="6" coveredstatements="0" elements="8" coveredelements="0"/>
        </class>
        <line num="23" type="method" name="__construct" crap="2" count="0"/>
        <line num="24" type="stmt" count="0"/>
        <line num="25" type="stmt" count="0"/>
        <line num="34" type="method" name="get" crap="6" count="0"/>
        <line num="36" type="stmt" count="0"/>
        <line num="38" type="stmt" count="0"/>
        <line num="39" type="stmt" count="0"/>
        <line num="42" type="stmt" count="0"/>
        <metrics loc="43" ncloc="21" classes="1" methods="2" coveredmethods="0" conditionals="0" coveredconditionals="0" statements="6" coveredstatements="0" elements="8" coveredelements="0"/>
      </file>
      <file name="/Users/stanislavmenshykh/Sync/src/Sync/Resolvers/DbConnector.php">
        <class name="DbConnector" namespace="Sync\Resolvers" fullPackage="Sync.Sync" package="Sync" subpackage="Sync">
          <metrics methods="3" coveredmethods="0" conditionals="0" coveredconditionals="0" statements="23" coveredstatements="0" elements="26" coveredelements="0"/>
        </class>
        <line num="37" type="method" name="__construct" crap="6" count="0"/>
        <line num="39" type="stmt" count="0"/>
        <line num="41" type="stmt" count="0"/>
        <line num="42" type="stmt" count="0"/>
        <line num="43" type="stmt" count="0"/>
        <line num="50" type="method" name="isConnected" crap="30" count="0"/>
        <line num="54" type="stmt" count="0"/>
        <line num="56" type="stmt" count="0"/>
        <line num="58" type="stmt" count="0"/>
        <line num="59" type="stmt" count="0"/>
        <line num="60" type="stmt" count="0"/>
        <line num="61" type="stmt" count="0"/>
        <line num="62" type="stmt" count="0"/>
        <line num="63" type="stmt" count="0"/>
        <line num="65" type="stmt" count="0"/>
        <line num="67" type="stmt" count="0"/>
        <line num="68" type="stmt" count="0"/>
        <line num="69" type="stmt" count="0"/>
        <line num="71" type="stmt" count="0"/>
        <line num="73" type="stmt" count="0"/>
        <line num="74" type="stmt" count="0"/>
        <line num="84" type="method" name="selectDb" crap="6" count="0"/>
        <line num="88" type="stmt" count="0"/>
        <line num="90" type="stmt" count="0"/>
        <line num="92" type="stmt" count="0"/>
        <line num="93" type="stmt" count="0"/>
        <metrics loc="97" ncloc="55" classes="1" methods="3" coveredmethods="0" conditionals="0" coveredconditionals="0" statements="23" coveredstatements="0" elements="26" coveredelements="0"/>
      </file>
      <file name="/Users/stanislavmenshykh/Sync/src/Sync/Resolvers/Input.php">
        <class name="Input" namespace="Sync\Resolvers" fullPackage="Sync.Sync" package="Sync" subpackage="Sync">
          <metrics methods="1" coveredmethods="0" conditionals="0" coveredconditionals="0" statements="4" coveredstatements="0" elements="5" coveredelements="0"/>
        </class>
        <line num="32" type="method" name="getOptions" crap="6" count="0"/>
        <line num="34" type="stmt" count="0"/>
        <line num="36" type="stmt" count="0"/>
        <line num="37" type="stmt" count="0"/>
        <line num="40" type="stmt" count="0"/>
        <metrics loc="42" ncloc="21" classes="1" methods="1" coveredmethods="0" conditionals="0" coveredconditionals="0" statements="4" coveredstatements="0" elements="5" coveredelements="0"/>
      </file>
      <file name="/Users/stanislavmenshykh/Sync/src/Sync/Resolvers/QueryBuilder.php">
        <class name="QueryBuilder" namespace="Sync\Resolvers" fullPackage="Sync.Sync" package="Sync" subpackage="Sync">
          <metrics methods="28" coveredmethods="0" conditionals="0" coveredconditionals="0" statements="157" coveredstatements="0" elements="185" coveredelements="0"/>
        </class>
        <line num="78" type="method" name="__construct" crap="2" count="0"/>
        <line num="80" type="stmt" count="0"/>
        <line num="81" type="stmt" count="0"/>
        <line num="87" type="method" name="lastQuery" crap="2" count="0"/>
        <line num="88" type="stmt" count="0"/>
        <line num="91" type="method" name="getQueries" crap="2" count="0"/>
        <line num="92" type="stmt" count="0"/>
        <line num="98" type="method" name="select" crap="2" count="0"/>
        <line num="99" type="stmt" count="0"/>
        <line num="100" type="stmt" count="0"/>
        <line num="101" type="stmt" count="0"/>
        <line num="107" type="method" name="from" crap="2" count="0"/>
        <line num="108" type="stmt" count="0"/>
        <line num="109" type="stmt" count="0"/>
        <line num="117" type="method" name="where" crap="2" count="0"/>
        <line num="118" type="stmt" count="0"/>
        <line num="119" type="stmt" count="0"/>
        <line num="127" type="method" name="whereOR" crap="2" count="0"/>
        <line num="128" type="stmt" count="0"/>
        <line num="129" type="stmt" count="0"/>
        <line num="132" type="method" name="like" crap="2" count="0"/>
        <line num="133" type="stmt" count="0"/>
        <line num="134" type="stmt" count="0"/>
        <line num="135" type="stmt" count="0"/>
        <line num="136" type="stmt" count="0"/>
        <line num="138" type="stmt" count="0"/>
        <line num="139" type="stmt" count="0"/>
        <line num="141" type="method" name="likeOR" crap="2" count="0"/>
        <line num="142" type="stmt" count="0"/>
        <line num="143" type="stmt" count="0"/>
        <line num="152" type="method" name="join" crap="2" count="0"/>
        <line num="153" type="stmt" count="0"/>
        <line num="154" type="stmt" count="0"/>
        <line num="155" type="stmt" count="0"/>
        <line num="156" type="stmt" count="0"/>
        <line num="157" type="stmt" count="0"/>
        <line num="158" type="stmt" count="0"/>
        <line num="166" type="method" name="limit" crap="2" count="0"/>
        <line num="167" type="stmt" count="0"/>
        <line num="168" type="stmt" count="0"/>
        <line num="176" type="method" name="orderBy" crap="2" count="0"/>
        <line num="177" type="stmt" count="0"/>
        <line num="178" type="stmt" count="0"/>
        <line num="185" type="method" name="groupBy" crap="2" count="0"/>
        <line num="186" type="stmt" count="0"/>
        <line num="187" type="stmt" count="0"/>
        <line num="193" type="method" name="executeLastQuery" crap="2" count="0"/>
        <line num="194" type="stmt" count="0"/>
        <line num="195" type="stmt" count="0"/>
        <line num="196" type="stmt" count="0"/>
        <line num="197" type="stmt" count="0"/>
        <line num="202" type="method" name="buildSQL" crap="6" count="0"/>
        <line num="203" type="stmt" count="0"/>
        <line num="204" type="stmt" count="0"/>
        <line num="205" type="stmt" count="0"/>
        <line num="206" type="stmt" count="0"/>
        <line num="207" type="stmt" count="0"/>
        <line num="208" type="stmt" count="0"/>
        <line num="209" type="stmt" count="0"/>
        <line num="210" type="stmt" count="0"/>
        <line num="211" type="stmt" count="0"/>
        <line num="212" type="stmt" count="0"/>
        <line num="218" type="method" name="buildSelectSQL" crap="12" count="0"/>
        <line num="219" type="stmt" count="0"/>
        <line num="220" type="stmt" count="0"/>
        <line num="221" type="stmt" count="0"/>
        <line num="222" type="stmt" count="0"/>
        <line num="223" type="stmt" count="0"/>
        <line num="224" type="stmt" count="0"/>
        <line num="225" type="stmt" count="0"/>
        <line num="226" type="stmt" count="0"/>
        <line num="227" type="stmt" count="0"/>
        <line num="228" type="stmt" count="0"/>
        <line num="229" type="stmt" count="0"/>
        <line num="230" type="stmt" count="0"/>
        <line num="232" type="stmt" count="0"/>
        <line num="238" type="method" name="buildWhere" crap="132" count="0"/>
        <line num="239" type="stmt" count="0"/>
        <line num="241" type="stmt" count="0"/>
        <line num="242" type="stmt" count="0"/>
        <line num="243" type="stmt" count="0"/>
        <line num="244" type="stmt" count="0"/>
        <line num="245" type="stmt" count="0"/>
        <line num="246" type="stmt" count="0"/>
        <line num="247" type="stmt" count="0"/>
        <line num="249" type="stmt" count="0"/>
        <line num="250" type="stmt" count="0"/>
        <line num="252" type="stmt" count="0"/>
        <line num="253" type="stmt" count="0"/>
        <line num="254" type="stmt" count="0"/>
        <line num="255" type="stmt" count="0"/>
        <line num="257" type="stmt" count="0"/>
        <line num="258" type="stmt" count="0"/>
        <line num="260" type="stmt" count="0"/>
        <line num="261" type="stmt" count="0"/>
        <line num="262" type="stmt" count="0"/>
        <line num="263" type="stmt" count="0"/>
        <line num="264" type="stmt" count="0"/>
        <line num="265" type="stmt" count="0"/>
        <line num="268" type="stmt" count="0"/>
        <line num="269" type="stmt" count="0"/>
        <line num="270" type="stmt" count="0"/>
        <line num="271" type="stmt" count="0"/>
        <line num="273" type="method" name="buildLike" crap="90" count="0"/>
        <line num="274" type="stmt" count="0"/>
        <line num="275" type="stmt" count="0"/>
        <line num="276" type="stmt" count="0"/>
        <line num="277" type="stmt" count="0"/>
        <line num="278" type="stmt" count="0"/>
        <line num="279" type="stmt" count="0"/>
        <line num="280" type="stmt" count="0"/>
        <line num="281" type="stmt" count="0"/>
        <line num="283" type="stmt" count="0"/>
        <line num="284" type="stmt" count="0"/>
        <line num="285" type="stmt" count="0"/>
        <line num="286" type="stmt" count="0"/>
        <line num="287" type="stmt" count="0"/>
        <line num="288" type="stmt" count="0"/>
        <line num="290" type="stmt" count="0"/>
        <line num="291" type="stmt" count="0"/>
        <line num="292" type="stmt" count="0"/>
        <line num="294" type="stmt" count="0"/>
        <line num="295" type="stmt" count="0"/>
        <line num="296" type="stmt" count="0"/>
        <line num="297" type="stmt" count="0"/>
        <line num="302" type="method" name="buildJoin" crap="12" count="0"/>
        <line num="303" type="stmt" count="0"/>
        <line num="304" type="stmt" count="0"/>
        <line num="305" type="stmt" count="0"/>
        <line num="306" type="stmt" count="0"/>
        <line num="307" type="stmt" count="0"/>
        <line num="308" type="stmt" count="0"/>
        <line num="309" type="stmt" count="0"/>
        <line num="315" type="method" name="buildLimit" crap="6" count="0"/>
        <line num="316" type="stmt" count="0"/>
        <line num="317" type="stmt" count="0"/>
        <line num="319" type="stmt" count="0"/>
        <line num="325" type="method" name="buildOrderBy" crap="6" count="0"/>
        <line num="326" type="stmt" count="0"/>
        <line num="327" type="stmt" count="0"/>
        <line num="329" type="stmt" count="0"/>
        <line num="335" type="method" name="buildGroupBy" crap="6" count="0"/>
        <line num="336" type="stmt" count="0"/>
        <line num="337" type="stmt" count="0"/>
        <line num="339" type="stmt" count="0"/>
        <line num="345" type="method" name="collectParams" crap="20" count="0"/>
        <line num="346" type="stmt" count="0"/>
        <line num="347" type="stmt" count="0"/>
        <line num="348" type="stmt" count="0"/>
        <line num="351" type="stmt" count="0"/>
        <line num="352" type="stmt" count="0"/>
        <line num="353" type="stmt" count="0"/>
        <line num="354" type="stmt" count="0"/>
        <line num="355" type="stmt" count="0"/>
        <line num="356" type="stmt" count="0"/>
        <line num="357" type="stmt" count="0"/>
        <line num="359" type="stmt" count="0"/>
        <line num="360" type="stmt" count="0"/>
        <line num="361" type="stmt" count="0"/>
        <line num="362" type="stmt" count="0"/>
        <line num="363" type="stmt" count="0"/>
        <line num="369" type="method" name="getTableFields" crap="6" count="0"/>
        <line num="370" type="stmt" count="0"/>
        <line num="371" type="stmt" count="0"/>
        <line num="372" type="stmt" count="0"/>
        <line num="373" type="stmt" count="0"/>
        <line num="378" type="method" name="getDbQuery" crap="2" count="0"/>
        <line num="380" type="stmt" count="0"/>
        <line num="387" type="method" name="setDbQuery" crap="2" count="0"/>
        <line num="389" type="stmt" count="0"/>
        <line num="390" type="stmt" count="0"/>
        <line num="397" type="method" name="setQuery" crap="2" count="0"/>
        <line num="398" type="stmt" count="0"/>
        <line num="399" type="stmt" count="0"/>
        <line num="404" type="method" name="resetQueryParams" crap="2" count="0"/>
        <line num="405" type="stmt" count="0"/>
        <line num="406" type="stmt" count="0"/>
        <line num="407" type="stmt" count="0"/>
        <line num="408" type="stmt" count="0"/>
        <line num="409" type="stmt" count="0"/>
        <line num="410" type="stmt" count="0"/>
        <line num="411" type="stmt" count="0"/>
        <line num="412" type="stmt" count="0"/>
        <line num="413" type="stmt" count="0"/>
        <line num="414" type="stmt" count="0"/>
        <metrics loc="414" ncloc="272" classes="1" methods="28" coveredmethods="0" conditionals="0" coveredconditionals="0" statements="157" coveredstatements="0" elements="185" coveredelements="0"/>
      </file>
      <file name="/Users/stanislavmenshykh/Sync/src/Sync/Resolvers/Router.php">
        <class name="Router" namespace="Sync\Resolvers" fullPackage="Sync.Sync" package="Sync" subpackage="Sync">
          <metrics methods="2" coveredmethods="0" conditionals="0" coveredconditionals="0" statements="9" coveredstatements="0" elements="11" coveredelements="0"/>
        </class>
        <line num="29" type="method" name="__construct" crap="2" count="0"/>
        <line num="30" type="stmt" count="0"/>
        <line num="31" type="stmt" count="0"/>
        <line num="39" type="method" name="run" crap="6" count="0"/>
        <line num="42" type="stmt" count="0"/>
        <line num="43" type="stmt" count="0"/>
        <line num="44" type="stmt" count="0"/>
        <line num="46" type="stmt" count="0"/>
        <line num="47" type="stmt" count="0"/>
        <line num="49" type="stmt" count="0"/>
        <line num="51" type="stmt" count="0"/>
        <metrics loc="51" ncloc="23" classes="1" methods="2" coveredmethods="0" conditionals="0" coveredconditionals="0" statements="9" coveredstatements="0" elements="11" coveredelements="0"/>
      </file>
      <file name="/Users/stanislavmenshykh/Sync/src/Sync/Resolvers/Shutdown.php">
        <class name="Shutdown" namespace="Sync\Resolvers" fullPackage="Sync.Sync" package="Sync" subpackage="Sync">
          <metrics methods="1" coveredmethods="0" conditionals="0" coveredconditionals="0" statements="7" coveredstatements="0" elements="8" coveredelements="0"/>
        </class>
        <line num="19" type="method" name="errorHandler" crap="20" count="0"/>
        <line num="21" type="stmt" count="0"/>
        <line num="23" type="stmt" count="0"/>
        <line num="26" type="stmt" count="0"/>
        <line num="28" type="stmt" count="0"/>
        <line num="29" type="stmt" count="0"/>
        <line num="32" type="stmt" count="0"/>
        <line num="33" type="stmt" count="0"/>
        <metrics loc="35" ncloc="22" classes="1" methods="1" coveredmethods="0" conditionals="0" coveredconditionals="0" statements="7" coveredstatements="0" elements="8" coveredelements="0"/>
      </file>
    </package>
    <metrics files="21" loc="1617" ncloc="764" classes="21" methods="94" coveredmethods="0" conditionals="0" coveredconditionals="0" statements="326" coveredstatements="0" elements="420" coveredelements="0"/>
  </project>
</coverage>
